106.808716 -6.263537 0.50 June-20-2023-11:21:51-am
106.808685 -6.263490 0.61 June-20-2023-11:22:51-am
106.808662 -6.263518 0.13 June-20-2023-11:23:51-am
106.808662 -6.263491 1.15 June-20-2023-11:24:51-am
106.808640 -6.263508 1.56 June-20-2023-11:25:51-am
106.808685 -6.263613 0.50 June-20-2023-11:26:51-am
106.808662 -6.263602 0.26 June-20-2023-11:27:51-am
106.808701 -6.263518 0.15 June-20-2023-11:28:51-am
106.808708 -6.263533 0.17 June-20-2023-11:29:51-am
106.808716 -6.263550 0.17 June-20-2023-11:30:51-am
106.808693 -6.263515 0.28 June-20-2023-11:31:51-am
106.808601 -6.263613 0.89 June-20-2023-11:32:51-am
106.808617 -6.263592 1.04 June-20-2023-11:33:51-am
106.808678 -6.263594 0.28 June-20-2023-11:34:51-am
106.808647 -6.263597 0.20 June-20-2023-11:35:51-am
106.808563 -6.263508 1.06 June-20-2023-11:36:51-am
106.808655 -6.263525 0.50 June-20-2023-11:37:51-am
106.808632 -6.263558 0.44 June-20-2023-11:38:51-am
106.808655 -6.263517 0.22 June-20-2023-11:39:51-am
106.808708 -6.263593 0.24 June-20-2023-11:40:51-am
106.808693 -6.263543 0.65 June-20-2023-11:41:51-am
106.808678 -6.263472 1.46 June-20-2023-11:42:51-am
106.808655 -6.263685 0.56 June-20-2023-11:43:51-am
106.808693 -6.263653 0.17 June-20-2023-11:44:51-am
106.808571 -6.263669 0.93 June-20-2023-11:45:51-am
106.808640 -6.263665 0.48 June-20-2023-11:46:51-am
106.808632 -6.263579 0.80 June-20-2023-11:47:51-am
106.808670 -6.263680 1.07 June-20-2023-11:48:51-am
106.808723 -6.263686 1.28 June-20-2023-11:49:51-am
106.808731 -6.263636 0.35 June-20-2023-11:50:51-am
106.808739 -6.263630 1.24 June-20-2023-11:51:51-am
106.808792 -6.263679 0.20 June-20-2023-11:52:51-am
106.808685 -6.263724 0.07 June-20-2023-11:53:51-am
106.808685 -6.263676 0.50 June-20-2023-11:54:51-am
106.808754 -6.263617 1.48 June-20-2023-11:55:51-am
106.808716 -6.263620 2.06 June-20-2023-11:56:51-am
106.808723 -6.263672 0.81 June-20-2023-11:57:51-am
106.808701 -6.263687 4.02 June-20-2023-11:58:51-am
106.808731 -6.263603 2.78 June-20-2023-11:59:51-am
106.808846 -6.263617 0.44 June-20-2023-12:00:51-pm
106.808861 -6.263553 0.70 June-20-2023-12:01:51-pm
106.808823 -6.263587 0.52 June-20-2023-12:02:51-pm
106.808830 -6.263667 0.63 June-20-2023-12:03:52-pm
106.808784 -6.263660 0.87 June-20-2023-12:04:52-pm
106.808800 -6.263693 0.46 June-20-2023-12:05:52-pm
106.808678 -6.263743 1.19 June-20-2023-12:06:52-pm
106.808617 -6.263718 0.94 June-20-2023-12:07:51-pm
106.808762 -6.263715 0.41 June-20-2023-12:08:52-pm
106.808769 -6.263683 0.39 June-20-2023-12:09:52-pm
106.808853 -6.263668 0.07 June-20-2023-12:10:52-pm
106.808891 -6.263630 0.11 June-20-2023-12:11:52-pm
106.808815 -6.263735 1.43 June-20-2023-12:12:52-pm
106.808868 -6.263705 0.26 June-20-2023-12:13:52-pm
106.808960 -6.263633 0.48 June-20-2023-12:14:52-pm
106.808929 -6.263697 0.43 June-20-2023-12:15:52-pm
106.808815 -6.263764 0.35 June-20-2023-12:16:52-pm
106.808823 -6.263756 0.17 June-20-2023-12:17:52-pm
106.808807 -6.263747 0.02 June-20-2023-12:18:52-pm
106.808807 -6.263733 0.04 June-20-2023-12:19:52-pm
106.808784 -6.263689 0.19 June-20-2023-12:20:52-pm
106.808777 -6.263683 0.07 June-20-2023-12:21:52-pm
106.808815 -6.263672 0.26 June-20-2023-12:22:52-pm
106.808868 -6.263711 0.56 June-20-2023-12:23:51-pm
106.808830 -6.263671 0.61 June-20-2023-12:24:52-pm
106.808891 -6.263605 0.39 June-20-2023-12:25:52-pm
106.808960 -6.263669 0.17 June-20-2023-12:26:52-pm
106.808960 -6.263657 0.37 June-20-2023-12:27:52-pm
106.808876 -6.263619 0.81 June-20-2023-12:28:52-pm
106.808815 -6.263596 0.85 June-20-2023-12:29:52-pm
106.808731 -6.263484 0.15 June-20-2023-12:30:51-pm
106.808784 -6.263700 0.70 June-20-2023-12:31:52-pm
106.808861 -6.263638 0.22 June-20-2023-12:32:51-pm
106.808846 -6.263649 0.20 June-20-2023-12:33:51-pm
106.808830 -6.263686 0.06 June-20-2023-12:34:52-pm
106.808861 -6.263680 0.06 June-20-2023-12:35:52-pm
